2026-05-05T17:02:00: [dotenv@17.3.1] injecting env (9) from .env -- tip: ⚡️ secrets for agents: https://dotenvx.com/as2
2026-05-05T17:02:00: [dotenv@17.3.1] injecting env (0) from .env -- tip: ⚡️ secrets for agents: https://dotenvx.com/as2
2026-05-05T17:02:00: [dotenv@17.3.1] injecting env (0) from .env -- tip: 🛠️  run anywhere with `dotenvx run -- yourcommand`
2026-05-05T17:02:00: JAZZCASH_MERCHANT_ID: MC46312
2026-05-05T17:02:00: === SERVER STARTING ===
2026-05-05T17:02:00: PORT: 8000
2026-05-05T17:02:00: MAIL_USER: zk5627407@gmail.com
2026-05-05T17:02:00: MAIL_PASS: SET
2026-05-05T17:02:30: Error connecting to MongoDB: connect ECONNREFUSED 127.0.0.1:27017
2026-05-05T17:02:30: Server will continue without database connection
2026-05-05T17:02:30: Database connected!
2026-05-05T17:02:30: Server listening on port 8000
2026-05-05T17:02:30: Test at: http://localhost:8000/test-email
2026-05-05T17:05:27: Fetching products with query: [Object: null prototype] {
  sortBy: 'createdAt',
  sortOrder: 'desc',
  page: '1',
  limit: '12'
}
2026-05-05T17:05:27: Fetching categories...
2026-05-05T17:05:37: Get products error: Operation `products.find()` buffering timed out after 10000ms
2026-05-05T17:05:37: Fetching products with query: [Object: null prototype] {
  sortBy: 'createdAt',
  sortOrder: 'desc',
  page: '1',
  limit: '12'
}
2026-05-05T17:05:47: Fetching products with query: [Object: null prototype] {
  sortBy: 'createdAt',
  sortOrder: 'desc',
  page: '1',
  limit: '12'
}
2026-05-05T17:05:47: Categories found: 0
2026-05-05T17:05:47: Get products error: Operation `products.find()` buffering timed out after 10000ms
2026-05-05T17:05:57: Get products error: Operation `products.find()` buffering timed out after 10000ms
2026-05-05T17:11:05: [dotenv@17.3.1] injecting env (9) from .env -- tip: 🤖 agentic secret storage: https://dotenvx.com/as2
2026-05-05T17:11:05: [dotenv@17.3.1] injecting env (0) from .env -- tip: ⚙️  specify custom .env file path with { path: '/custom/path/.env' }
2026-05-05T17:11:05: [dotenv@17.3.1] injecting env (0) from .env -- tip: ⚙️  enable debug logging with { debug: true }
2026-05-05T17:11:05: JAZZCASH_MERCHANT_ID: MC46312
2026-05-05T17:11:05: === SERVER STARTING ===
2026-05-05T17:11:05: PORT: 8000
2026-05-05T17:11:05: MAIL_USER: zk5627407@gmail.com
2026-05-05T17:11:05: MAIL_PASS: SET
2026-05-05T17:11:05: Using DB URI: mongodb://127.0.0.1:27017/ecommerce
2026-05-05T17:11:36: Error connecting to MongoDB: connect ECONNREFUSED 127.0.0.1:27017
2026-05-05T17:11:36: Server will continue without database connection
2026-05-05T17:11:36: Database connected!
2026-05-05T17:11:36: Server listening on port 8000
2026-05-05T17:11:36: Test at: http://localhost:8000/test-email
