2026-05-05T17:01:59: [dotenv@17.3.1] injecting env (9) from .env -- tip: 🔐 encrypt with Dotenvx: https://dotenvx.com
2026-05-05T17:01:59: [dotenv@17.3.1] injecting env (0) from .env -- tip: ⚙️  load multiple .env files with { path: ['.env.local', '.env'] }
2026-05-05T17:01:59: [dotenv@17.3.1] injecting env (0) from .env -- tip: 🛡️ auth for agents: https://vestauth.com
2026-05-05T17:01:59: JAZZCASH_MERCHANT_ID: MC46312
2026-05-05T17:01:59: === SERVER STARTING ===
2026-05-05T17:01:59: PORT: 8000
2026-05-05T17:01:59: MAIL_USER: zk5627407@gmail.com
2026-05-05T17:01:59: MAIL_PASS: SET
2026-05-05T17:02:29: Database connected!
2026-05-05T17:02:29: Server listening on port 8000
2026-05-05T17:02:29: Test at: http://localhost:8000/test-email
2026-05-05T17:05:47: Fetching products with query: [Object: null prototype] {
  sortBy: 'createdAt',
  sortOrder: 'desc',
  page: '1',
  limit: '12'
}
2026-05-05T17:11:04: [dotenv@17.3.1] injecting env (9) from .env -- tip: 🛠️  run anywhere with `dotenvx run -- yourcommand`
2026-05-05T17:11:04: [dotenv@17.3.1] injecting env (0) from .env -- tip: 🤖 agentic secret storage: https://dotenvx.com/as2
2026-05-05T17:11:04: [dotenv@17.3.1] injecting env (0) from .env -- tip: 🛡️ auth for agents: https://vestauth.com
2026-05-05T17:11:04: JAZZCASH_MERCHANT_ID: MC46312
2026-05-05T17:11:04: === SERVER STARTING ===
2026-05-05T17:11:04: PORT: 8000
2026-05-05T17:11:04: MAIL_USER: zk5627407@gmail.com
2026-05-05T17:11:04: MAIL_PASS: SET
2026-05-05T17:11:04: Using DB URI: mongodb://127.0.0.1:27017/ecommerce
2026-05-05T17:11:34: Database connected!
2026-05-05T17:11:34: Server listening on port 8000
2026-05-05T17:11:34: Test at: http://localhost:8000/test-email
